<?xml version="1.0" encoding="UTF-8"?>
<!-- Generated by org.testng.reporters.JUnitReportReporter -->
<testsuite hostname="Bibhudatta" failures="0" tests="1" name="Interviews.AsciiValues" time="0.030" errors="0" timestamp="2022-05-28T16:06:33 IST" skipped="0">
  <testcase classname="Interviews.AsciiValues" name="separator" time="0.030"/>
  <system-out/>
</testsuite> <!-- Interviews.AsciiValues -->
